<?xml version="1.0" encoding="UTF-8"?>
<!-- Generated by org.testng.reporters.JUnitXMLReporter -->
<testsuite hostname="nb2495" ignored="0" name="Application test cases" tests="3" failures="0" timestamp="2021-01-24T23:26:32 CET" time="83.128" errors="0">
  <testcase name="verifyFlightSearchToday" time="7.22" classname="com.eurowings.qa.testcases.TC01VerifyFlightStatus"/>
  <testcase name="verifyFlightSearchTomorrow" time="6.968" classname="com.eurowings.qa.testcases.TC01VerifyFlightStatus"/>
  <testcase name="verifyUpdateStatus" time="9.365" classname="com.eurowings.qa.testcases.TC01VerifyFlightStatus"/>
</testsuite> <!-- Application test cases -->
