<?xml version="1.0" encoding="UTF-8"?>
<!-- Generated by org.testng.reporters.JUnitXMLReporter -->
<testsuite hostname="nb2495" ignored="8" name="Application test cases" tests="5" failures="0" timestamp="2021-01-18T01:54:18 CET" time="211.267" errors="0">
  <testcase name="VerifyKomootLogoAndVerifyMaintabs" time="21.864" classname="com.komoot.qa.testcases.TC01VerifyPageNavigation"/>
  <testcase name="VerifyUserLogin" time="20.342" classname="com.komoot.qa.testcases.TC02VerifyUserLogin"/>
  <testcase name="VerifyRoutePlanner" time="47.287" classname="com.komoot.qa.testcases.TC03VerifyRoutePlanner"/>
  <testcase name="VerifyUpdateProfile" time="23.11" classname="com.komoot.qa.testcases.TC04UpdateProfile"/>
  <testcase name="VerifyHiking" time="32.121" classname="com.komoot.qa.testcases.TC05VerifyHiking"/>
  <testcase name="@BeforeTest setExtent" time="0.0" classname="com.komoot.qa.base.TestBase">
    <ignored/>
  </testcase> <!-- @BeforeTest setExtent -->
  <testcase name="@BeforeTest setExtent" time="0.0" classname="com.komoot.qa.base.TestBase">
    <ignored/>
  </testcase> <!-- @BeforeTest setExtent -->
  <testcase name="@BeforeTest setExtent" time="0.0" classname="com.komoot.qa.base.TestBase">
    <ignored/>
  </testcase> <!-- @BeforeTest setExtent -->
  <testcase name="@BeforeTest setExtent" time="0.0" classname="com.komoot.qa.base.TestBase">
    <ignored/>
  </testcase> <!-- @BeforeTest setExtent -->
  <testcase name="@AfterTest endReport" time="0.0" classname="com.komoot.qa.base.TestBase">
    <ignored/>
  </testcase> <!-- @AfterTest endReport -->
  <testcase name="@AfterTest endReport" time="0.0" classname="com.komoot.qa.base.TestBase">
    <ignored/>
  </testcase> <!-- @AfterTest endReport -->
  <testcase name="@AfterTest endReport" time="0.0" classname="com.komoot.qa.base.TestBase">
    <ignored/>
  </testcase> <!-- @AfterTest endReport -->
  <testcase name="@AfterTest endReport" time="0.0" classname="com.komoot.qa.base.TestBase">
    <ignored/>
  </testcase> <!-- @AfterTest endReport -->
</testsuite> <!-- Application test cases -->
